# JRE version: Java(TM) SE Runtime Environment (8.0_73-b02) (build 1.8.0_73-b02)
# Java VM: Java HotSpot(TM) 64-Bit Server VM (25.73-b02 mixed mode windows-amd64 compressed oops)
Heap:
 PSYoungGen      total 130560K, used 23777K [0x00000000eab00000, 0x00000000f5f80000, 0x0000000100000000)
  eden space 113664K, 20% used [0x00000000eab00000,0x00000000ec2387b8,0x00000000f1a00000)
  from space 16896K, 0% used [0x00000000f1a00000,0x00000000f1a00000,0x00000000f2a80000)
  to   space 18432K, 0% used [0x00000000f4d80000,0x00000000f4d80000,0x00000000f5f80000)
 ParOldGen       total 203264K, used 18558K [0x00000000c0000000, 0x00000000cc680000, 0x00000000eab00000)
  object space 203264K, 9% used [0x00000000c0000000,0x00000000c121fa78,0x00000000cc680000)
 Metaspace       used 34582K, capacity 35230K, committed 35496K, reserved 1079296K
  class space    used 4542K, capacity 4728K, committed 4864K, reserved 1048576K
GC Heap History (10 events):
Event: 2.213 GC heap before
{Heap before GC invocations=5 (full 1):
 PSYoungGen      total 76288K, used 68274K [0x00000000eab00000, 0x00000000f1300000, 0x0000000100000000)
  eden space 65536K, 100% used [0x00000000eab00000,0x00000000eeb00000,0x00000000eeb00000)
  from space 10752K, 25% used [0x00000000eeb00000,0x00000000eedacb60,0x00000000ef580000)
  to   space 10752K, 0% used [0x00000000f0880000,0x00000000f0880000,0x00000000f1300000)
 ParOldGen       total 126464K, used 12625K [0x00000000c0000000, 0x00000000c7b80000, 0x00000000eab00000)
  object space 126464K, 9% used [0x00000000c0000000,0x00000000c0c547c8,0x00000000c7b80000)
 Metaspace       used 22414K, capacity 22858K, committed 23040K, reserved 1069056K
  class space    used 2875K, capacity 3027K, committed 3072K, reserved 1048576K
Event: 2.219 GC heap after
Heap after GC invocations=5 (full 1):
 PSYoungGen      total 95744K, used 2832K [0x00000000eab00000, 0x00000000f1900000, 0x0000000100000000)
  eden space 84992K, 0% used [0x00000000eab00000,0x00000000eab00000,0x00000000efe00000)
  from space 10752K, 26% used [0x00000000f0880000,0x00000000f0b44030,0x00000000f1300000)
  to   space 10752K, 0% used [0x00000000efe00000,0x00000000efe00000,0x00000000f0880000)
 ParOldGen       total 126464K, used 12625K [0x00000000c0000000, 0x00000000c7b80000, 0x00000000eab00000)
  object space 126464K, 9% used [0x00000000c0000000,0x00000000c0c547c8,0x00000000c7b80000)
 Metaspace       used 22414K, capacity 22858K, committed 23040K, reserved 1069056K
  class space    used 2875K, capacity 3027K, committed 3072K, reserved 1048576K
}
Event: 2.530 GC heap before
{Heap before GC invocations=6 (full 1):
 PSYoungGen      total 95744K, used 87824K [0x00000000eab00000, 0x00000000f1900000, 0x0000000100000000)
  eden space 84992K, 100% used [0x00000000eab00000,0x00000000efe00000,0x00000000efe00000)
  from space 10752K, 26% used [0x00000000f0880000,0x00000000f0b44030,0x00000000f1300000)
  to   space 10752K, 0% used [0x00000000efe00000,0x00000000efe00000,0x00000000f0880000)
 ParOldGen       total 126464K, used 12625K [0x00000000c0000000, 0x00000000c7b80000, 0x00000000eab00000)
  object space 126464K, 9% used [0x00000000c0000000,0x00000000c0c547c8,0x00000000c7b80000)
 Metaspace       used 22904K, capacity 23434K, committed 23680K, reserved 1069056K
  class space    used 2940K, capacity 3085K, committed 3200K, reserved 1048576K
Event: 2.534 GC heap after
Heap after GC invocations=6 (full 1):
 PSYoungGen      total 95744K, used 3204K [0x00000000eab00000, 0x00000000f3900000, 0x0000000100000000)
  eden space 84992K, 0% used [0x00000000eab00000,0x00000000eab00000,0x00000000efe00000)
  from space 10752K, 29% used [0x00000000efe00000,0x00000000f0121110,0x00000000f0880000)
  to   space 14848K, 0% used [0x00000000f2a80000,0x00000000f2a80000,0x00000000f3900000)
 ParOldGen       total 126464K, used 12625K [0x00000000c0000000, 0x00000000c7b80000, 0x00000000eab00000)
  object space 126464K, 9% used [0x00000000c0000000,0x00000000c0c547c8,0x00000000c7b80000)
 Metaspace       used 22904K, capacity 23434K, committed 23680K, reserved 1069056K
  class space    used 2940K, capacity 3085K, committed 3200K, reserved 1048576K
}
Event: 3.631 GC heap before
{Heap before GC invocations=7 (full 1):
 PSYoungGen      total 95744K, used 88196K [0x00000000eab00000, 0x00000000f3900000, 0x0000000100000000)
  eden space 84992K, 100% used [0x00000000eab00000,0x00000000efe00000,0x00000000efe00000)
  from space 10752K, 29% used [0x00000000efe00000,0x00000000f0121110,0x00000000f0880000)
  to   space 14848K, 0% used [0x00000000f2a80000,0x00000000f2a80000,0x00000000f3900000)
 ParOldGen       total 126464K, used 12625K [0x00000000c0000000, 0x00000000c7b80000, 0x00000000eab00000)
  object space 126464K, 9% used [0x00000000c0000000,0x00000000c0c547c8,0x00000000c7b80000)
 Metaspace       used 29717K, capacity 30426K, committed 30592K, reserved 1075200K
  class space    used 3996K, capacity 4174K, committed 4224K, reserved 1048576K
Event: 3.644 GC heap after
Heap after GC invocations=7 (full 1):
 PSYoungGen      total 128512K, used 12557K [0x00000000eab00000, 0x00000000f3b00000, 0x0000000100000000)
  eden space 113664K, 0% used [0x00000000eab00000,0x00000000eab00000,0x00000000f1a00000)
  from space 14848K, 84% used [0x00000000f2a80000,0x00000000f36c3520,0x00000000f3900000)
  to   space 16896K, 0% used [0x00000000f1a00000,0x00000000f1a00000,0x00000000f2a80000)
 ParOldGen       total 126464K, used 12697K [0x00000000c0000000, 0x00000000c7b80000, 0x00000000eab00000)
  object space 126464K, 10% used [0x00000000c0000000,0x00000000c0c667d8,0x00000000c7b80000)
 Metaspace       used 29717K, capacity 30426K, committed 30592K, reserved 1075200K
  class space    used 3996K, capacity 4174K, committed 4224K, reserved 1048576K
}
Event: 5.256 GC heap before
{Heap before GC invocations=8 (full 1):
 PSYoungGen      total 128512K, used 113038K [0x00000000eab00000, 0x00000000f3b00000, 0x0000000100000000)
  eden space 113664K, 88% used [0x00000000eab00000,0x00000000f0d20360,0x00000000f1a00000)
  from space 14848K, 84% used [0x00000000f2a80000,0x00000000f36c3520,0x00000000f3900000)
  to   space 16896K, 0% used [0x00000000f1a00000,0x00000000f1a00000,0x00000000f2a80000)
 ParOldGen       total 126464K, used 12697K [0x00000000c0000000, 0x00000000c7b80000, 0x00000000eab00000)
  object space 126464K, 10% used [0x00000000c0000000,0x00000000c0c667d8,0x00000000c7b80000)
 Metaspace       used 34480K, capacity 35294K, committed 35496K, reserved 1079296K
  class space    used 4546K, capacity 4749K, committed 4864K, reserved 1048576K
Event: 5.265 GC heap after
Heap after GC invocations=8 (full 1):
 PSYoungGen      total 130560K, used 12768K [0x00000000eab00000, 0x00000000f5f80000, 0x0000000100000000)
  eden space 113664K, 0% used [0x00000000eab00000,0x00000000eab00000,0x00000000f1a00000)
  from space 16896K, 75% used [0x00000000f1a00000,0x00000000f2678120,0x00000000f2a80000)
  to   space 18432K, 0% used [0x00000000f4d80000,0x00000000f4d80000,0x00000000f5f80000)
 ParOldGen       total 126464K, used 12705K [0x00000000c0000000, 0x00000000c7b80000, 0x00000000eab00000)
  object space 126464K, 10% used [0x00000000c0000000,0x00000000c0c687d8,0x00000000c7b80000)
 Metaspace       used 34480K, capacity 35294K, committed 35496K, reserved 1079296K
  class space    used 4546K, capacity 4749K, committed 4864K, reserved 1048576K
}
Event: 5.265 GC heap before
{Heap before GC invocations=9 (full 2):
 PSYoungGen      total 130560K, used 12768K [0x00000000eab00000, 0x00000000f5f80000, 0x0000000100000000)
  eden space 113664K, 0% used [0x00000000eab00000,0x00000000eab00000,0x00000000f1a00000)
  from space 16896K, 75% used [0x00000000f1a00000,0x00000000f2678120,0x00000000f2a80000)
  to   space 18432K, 0% used [0x00000000f4d80000,0x00000000f4d80000,0x00000000f5f80000)
 ParOldGen       total 126464K, used 12705K [0x00000000c0000000, 0x00000000c7b80000, 0x00000000eab00000)
  object space 126464K, 10% used [0x00000000c0000000,0x00000000c0c687d8,0x00000000c7b80000)
 Metaspace       used 34480K, capacity 35294K, committed 35496K, reserved 1079296K
  class space    used 4546K, capacity 4749K, committed 4864K, reserved 1048576K
Event: 5.326 GC heap after
Heap after GC invocations=9 (full 2):
 PSYoungGen      total 130560K, used 0K [0x00000000eab00000, 0x00000000f5f80000, 0x0000000100000000)
  eden space 113664K, 0% used [0x00000000eab00000,0x00000000eab00000,0x00000000f1a00000)
  from space 16896K, 0% used [0x00000000f1a00000,0x00000000f1a00000,0x00000000f2a80000)
  to   space 18432K, 0% used [0x00000000f4d80000,0x00000000f4d80000,0x00000000f5f80000)
 ParOldGen       total 203264K, used 18558K [0x00000000c0000000, 0x00000000cc680000, 0x00000000eab00000)
  object space 203264K, 9% used [0x00000000c0000000,0x00000000c121fa78,0x00000000cc680000)
 Metaspace       used 34410K, capacity 35096K, committed 35496K, reserved 1079296K
  class space    used 4525K, capacity 4727K, committed 4864K, reserved 1048576K
}

