# JRE version: Java(TM) SE Runtime Environment (8.0_73-b02) (build 1.8.0_73-b02)
# Java VM: Java HotSpot(TM) 64-Bit Server VM (25.73-b02 mixed mode windows-amd64 compressed oops)
Heap:
 PSYoungGen      total 162304K, used 24932K [0x00000000eab00000, 0x00000000f8b00000, 0x0000000100000000)
  eden space 143872K, 17% used [0x00000000eab00000,0x00000000ec359198,0x00000000f3780000)
  from space 18432K, 0% used [0x00000000f4900000,0x00000000f4900000,0x00000000f5b00000)
  to   space 17920K, 0% used [0x00000000f3780000,0x00000000f3780000,0x00000000f4900000)
 ParOldGen       total 128512K, used 15576K [0x00000000c0000000, 0x00000000c7d80000, 0x00000000eab00000)
  object space 128512K, 12% used [0x00000000c0000000,0x00000000c0f361e8,0x00000000c7d80000)
 Metaspace       used 36079K, capacity 36794K, committed 36992K, reserved 1081344K
  class space    used 4771K, capacity 4966K, committed 4992K, reserved 1048576K
GC Heap History (10 events):
Event: 2.330 GC heap before
{Heap before GC invocations=6 (full 1):
 PSYoungGen      total 93696K, used 85776K [0x00000000eab00000, 0x00000000f1680000, 0x0000000100000000)
  eden space 82944K, 100% used [0x00000000eab00000,0x00000000efc00000,0x00000000efc00000)
  from space 10752K, 26% used [0x00000000f0680000,0x00000000f0944030,0x00000000f1100000)
  to   space 10752K, 0% used [0x00000000efc00000,0x00000000efc00000,0x00000000f0680000)
 ParOldGen       total 128512K, used 12596K [0x00000000c0000000, 0x00000000c7d80000, 0x00000000eab00000)
  object space 128512K, 9% used [0x00000000c0000000,0x00000000c0c4d108,0x00000000c7d80000)
 Metaspace       used 22877K, capacity 23354K, committed 23680K, reserved 1069056K
  class space    used 2935K, capacity 3081K, committed 3200K, reserved 1048576K
Event: 2.334 GC heap after
Heap after GC invocations=6 (full 1):
 PSYoungGen      total 93696K, used 3044K [0x00000000eab00000, 0x00000000f3500000, 0x0000000100000000)
  eden space 82944K, 0% used [0x00000000eab00000,0x00000000eab00000,0x00000000efc00000)
  from space 10752K, 28% used [0x00000000efc00000,0x00000000efef9110,0x00000000f0680000)
  to   space 14848K, 0% used [0x00000000f2680000,0x00000000f2680000,0x00000000f3500000)
 ParOldGen       total 128512K, used 12596K [0x00000000c0000000, 0x00000000c7d80000, 0x00000000eab00000)
  object space 128512K, 9% used [0x00000000c0000000,0x00000000c0c4d108,0x00000000c7d80000)
 Metaspace       used 22877K, capacity 23354K, committed 23680K, reserved 1069056K
  class space    used 2935K, capacity 3081K, committed 3200K, reserved 1048576K
}
Event: 3.064 GC heap before
{Heap before GC invocations=7 (full 1):
 PSYoungGen      total 93696K, used 85988K [0x00000000eab00000, 0x00000000f3500000, 0x0000000100000000)
  eden space 82944K, 100% used [0x00000000eab00000,0x00000000efc00000,0x00000000efc00000)
  from space 10752K, 28% used [0x00000000efc00000,0x00000000efef9110,0x00000000f0680000)
  to   space 14848K, 0% used [0x00000000f2680000,0x00000000f2680000,0x00000000f3500000)
 ParOldGen       total 128512K, used 12596K [0x00000000c0000000, 0x00000000c7d80000, 0x00000000eab00000)
  object space 128512K, 9% used [0x00000000c0000000,0x00000000c0c4d108,0x00000000c7d80000)
 Metaspace       used 28669K, capacity 29396K, committed 29696K, reserved 1075200K
  class space    used 3881K, capacity 4045K, committed 4096K, reserved 1048576K
Event: 3.074 GC heap after
Heap after GC invocations=7 (full 1):
 PSYoungGen      total 124416K, used 12192K [0x00000000eab00000, 0x00000000f3800000, 0x0000000100000000)
  eden space 109568K, 0% used [0x00000000eab00000,0x00000000eab00000,0x00000000f1600000)
  from space 14848K, 82% used [0x00000000f2680000,0x00000000f32683e0,0x00000000f3500000)
  to   space 16896K, 0% used [0x00000000f1600000,0x00000000f1600000,0x00000000f2680000)
 ParOldGen       total 128512K, used 12604K [0x00000000c0000000, 0x00000000c7d80000, 0x00000000eab00000)
  object space 128512K, 9% used [0x00000000c0000000,0x00000000c0c4f108,0x00000000c7d80000)
 Metaspace       used 28669K, capacity 29396K, committed 29696K, reserved 1075200K
  class space    used 3881K, capacity 4045K, committed 4096K, reserved 1048576K
}
Event: 4.141 GC heap before
{Heap before GC invocations=8 (full 1):
 PSYoungGen      total 124416K, used 121760K [0x00000000eab00000, 0x00000000f3800000, 0x0000000100000000)
  eden space 109568K, 100% used [0x00000000eab00000,0x00000000f1600000,0x00000000f1600000)
  from space 14848K, 82% used [0x00000000f2680000,0x00000000f32683e0,0x00000000f3500000)
  to   space 16896K, 0% used [0x00000000f1600000,0x00000000f1600000,0x00000000f2680000)
 ParOldGen       total 128512K, used 12604K [0x00000000c0000000, 0x00000000c7d80000, 0x00000000eab00000)
  object space 128512K, 9% used [0x00000000c0000000,0x00000000c0c4f108,0x00000000c7d80000)
 Metaspace       used 34430K, capacity 35206K, committed 35496K, reserved 1079296K
  class space    used 4548K, capacity 4741K, committed 4864K, reserved 1048576K
Event: 4.152 GC heap after
Heap after GC invocations=8 (full 1):
 PSYoungGen      total 126464K, used 13104K [0x00000000eab00000, 0x00000000f5b00000, 0x0000000100000000)
  eden space 109568K, 0% used [0x00000000eab00000,0x00000000eab00000,0x00000000f1600000)
  from space 16896K, 77% used [0x00000000f1600000,0x00000000f22cc230,0x00000000f2680000)
  to   space 18432K, 0% used [0x00000000f4900000,0x00000000f4900000,0x00000000f5b00000)
 ParOldGen       total 128512K, used 12676K [0x00000000c0000000, 0x00000000c7d80000, 0x00000000eab00000)
  object space 128512K, 9% used [0x00000000c0000000,0x00000000c0c61118,0x00000000c7d80000)
 Metaspace       used 34430K, capacity 35206K, committed 35496K, reserved 1079296K
  class space    used 4548K, capacity 4741K, committed 4864K, reserved 1048576K
}
Event: 4.170 GC heap before
{Heap before GC invocations=9 (full 1):
 PSYoungGen      total 126464K, used 15288K [0x00000000eab00000, 0x00000000f5b00000, 0x0000000100000000)
  eden space 109568K, 1% used [0x00000000eab00000,0x00000000ead21de8,0x00000000f1600000)
  from space 16896K, 77% used [0x00000000f1600000,0x00000000f22cc230,0x00000000f2680000)
  to   space 18432K, 0% used [0x00000000f4900000,0x00000000f4900000,0x00000000f5b00000)
 ParOldGen       total 128512K, used 12676K [0x00000000c0000000, 0x00000000c7d80000, 0x00000000eab00000)
  object space 128512K, 9% used [0x00000000c0000000,0x00000000c0c61118,0x00000000c7d80000)
 Metaspace       used 34506K, capacity 35308K, committed 35496K, reserved 1079296K
  class space    used 4560K, capacity 4774K, committed 4864K, reserved 1048576K
Event: 4.182 GC heap after
Heap after GC invocations=9 (full 1):
 PSYoungGen      total 162304K, used 9380K [0x00000000eab00000, 0x00000000f8b00000, 0x0000000100000000)
  eden space 143872K, 0% used [0x00000000eab00000,0x00000000eab00000,0x00000000f3780000)
  from space 18432K, 50% used [0x00000000f4900000,0x00000000f5229040,0x00000000f5b00000)
  to   space 17920K, 0% used [0x00000000f3780000,0x00000000f3780000,0x00000000f4900000)
 ParOldGen       total 128512K, used 12676K [0x00000000c0000000, 0x00000000c7d80000, 0x00000000eab00000)
  object space 128512K, 9% used [0x00000000c0000000,0x00000000c0c61118,0x00000000c7d80000)
 Metaspace       used 34506K, capacity 35308K, committed 35496K, reserved 1079296K
  class space    used 4560K, capacity 4774K, committed 4864K, reserved 1048576K
}
Event: 4.182 GC heap before
{Heap before GC invocations=10 (full 2):
 PSYoungGen      total 162304K, used 9380K [0x00000000eab00000, 0x00000000f8b00000, 0x0000000100000000)
  eden space 143872K, 0% used [0x00000000eab00000,0x00000000eab00000,0x00000000f3780000)
  from space 18432K, 50% used [0x00000000f4900000,0x00000000f5229040,0x00000000f5b00000)
  to   space 17920K, 0% used [0x00000000f3780000,0x00000000f3780000,0x00000000f4900000)
 ParOldGen       total 128512K, used 12676K [0x00000000c0000000, 0x00000000c7d80000, 0x00000000eab00000)
  object space 128512K, 9% used [0x00000000c0000000,0x00000000c0c61118,0x00000000c7d80000)
 Metaspace       used 34506K, capacity 35308K, committed 35496K, reserved 1079296K
  class space    used 4560K, capacity 4774K, committed 4864K, reserved 1048576K
Event: 4.250 GC heap after
Heap after GC invocations=10 (full 2):
 PSYoungGen      total 162304K, used 0K [0x00000000eab00000, 0x00000000f8b00000, 0x0000000100000000)
  eden space 143872K, 0% used [0x00000000eab00000,0x00000000eab00000,0x00000000f3780000)
  from space 18432K, 0% used [0x00000000f4900000,0x00000000f4900000,0x00000000f5b00000)
  to   space 17920K, 0% used [0x00000000f3780000,0x00000000f3780000,0x00000000f4900000)
 ParOldGen       total 128512K, used 15576K [0x00000000c0000000, 0x00000000c7d80000, 0x00000000eab00000)
  object space 128512K, 12% used [0x00000000c0000000,0x00000000c0f361e8,0x00000000c7d80000)
 Metaspace       used 34461K, capacity 35198K, committed 35496K, reserved 1079296K
  class space    used 4546K, capacity 4760K, committed 4864K, reserved 1048576K
}

